2025-04-30 16:45:29,328 - INFO - Starting Irrigation Management API in Docker container
2025-04-30 16:45:29,328 - INFO - LOG_DIR: /app/logs
2025-04-30 16:45:29,329 - INFO - DATA_DIR: /app/data
2025-04-30 16:45:29,329 - INFO - Log level: INFO
2025-04-30 16:53:14,027 - INFO - Starting Irrigation Management API in Docker container
2025-04-30 16:53:14,028 - INFO - LOG_DIR: /app/logs
2025-04-30 16:53:14,029 - INFO - DATA_DIR: /app/data
2025-04-30 16:53:14,029 - INFO - Log level: INFO
2025-04-30 17:01:33,289 - INFO - Starting Irrigation Management API in Docker container
2025-04-30 17:01:33,290 - INFO - LOG_DIR: /app/logs
2025-04-30 17:01:33,290 - INFO - DATA_DIR: /app/data
2025-04-30 17:01:33,290 - INFO - Log level: INFO
2025-04-30 17:05:55,601 - INFO - Starting Irrigation Management API in Docker container
2025-04-30 17:05:55,602 - INFO - LOG_DIR: /app/logs
2025-04-30 17:05:55,602 - INFO - DATA_DIR: /app/data
2025-04-30 17:05:55,602 - INFO - Log level: INFO
2025-04-30 17:07:17,962 - INFO - Request c317ba02-cbe9-4225-8564-7161ccc37f15: POST http://backend:8000/process
2025-04-30 17:07:18,033 - INFO - Processing irrigation data for cotton at coordinates (fsdf, sdfsd)
2025-04-30 17:07:18,076 - INFO - Recommendation: Do NOT turn on pump (last irrigation was 0 days ago)
2025-04-30 17:07:18,084 - INFO - Response c317ba02-cbe9-4225-8564-7161ccc37f15: Status 200
2025-04-30 17:07:55,503 - INFO - Request 9a246e40-3c66-4a39-83ac-3e3d9050a4eb: GET http://127.0.0.1:8000/logs/decisions
2025-04-30 17:07:55,571 - INFO - Response 9a246e40-3c66-4a39-83ac-3e3d9050a4eb: Status 200
2025-04-30 17:07:57,014 - INFO - Request 61ffcaa0-73fd-43ab-a34f-787ca43e210a: GET http://127.0.0.1:8000/logs/records
2025-04-30 17:07:57,034 - INFO - Response 61ffcaa0-73fd-43ab-a34f-787ca43e210a: Status 200
2025-04-30 17:08:02,507 - INFO - Request 91fc6aa9-39e9-4dd0-9895-842860d705fe: GET http://127.0.0.1:8000/status
2025-04-30 17:08:02,518 - INFO - Response 91fc6aa9-39e9-4dd0-9895-842860d705fe: Status 200
2025-04-30 17:24:14,246 - INFO - Starting Irrigation Management API in Docker container
2025-04-30 17:24:14,247 - INFO - LOG_DIR: /app/logs
2025-04-30 17:24:14,247 - INFO - DATA_DIR: /app/data
2025-04-30 17:24:14,247 - INFO - Log level: INFO
2025-04-30 17:26:18,804 - INFO - Starting Irrigation Management API in Docker container
2025-04-30 17:26:18,805 - INFO - LOG_DIR: /app/logs
2025-04-30 17:26:18,805 - INFO - DATA_DIR: /app/data
2025-04-30 17:26:18,805 - INFO - Log level: INFO
2025-04-30 17:27:30,845 - INFO - Request 1f3ca1b7-f041-459a-81cd-329cee8ed117: POST http://backend:8000/process
2025-04-30 17:27:30,887 - INFO - Processing irrigation data for cotton at coordinates (sfsd, sdfsd)
2025-04-30 17:27:30,938 - INFO - Recommendation: Do NOT turn on pump (last irrigation was 1 days ago)
2025-04-30 17:27:31,016 - INFO - Response 1f3ca1b7-f041-459a-81cd-329cee8ed117: Status 200
2025-04-30 17:37:56,237 - INFO - Starting Irrigation Management API in Docker container
2025-04-30 17:37:56,305 - INFO - LOG_DIR: /app/logs
2025-04-30 17:37:56,308 - INFO - DATA_DIR: /app/data
2025-04-30 17:37:56,308 - INFO - Log level: INFO
2025-04-30 17:38:52,860 - INFO - Request 0af0413b-c2cf-4426-bc4c-aac5ec4ff75e: POST http://backend:8000/process
2025-04-30 17:38:52,967 - INFO - Processing irrigation data for cotton at coordinates (were, werwe)
2025-04-30 17:38:53,045 - INFO - Recommendation: Do NOT turn on pump (last irrigation was 1 days ago)
2025-04-30 17:38:53,080 - INFO - Response 0af0413b-c2cf-4426-bc4c-aac5ec4ff75e: Status 200
2025-04-30 17:56:18,602 - INFO - Starting Irrigation Management API in Docker container
2025-04-30 17:56:18,607 - INFO - LOG_DIR: /app/logs
2025-04-30 17:56:18,607 - INFO - DATA_DIR: /app/data
2025-04-30 17:56:18,607 - INFO - Log level: INFO
2025-04-30 17:56:47,734 - INFO - Request c8412b3b-2096-463c-90b1-706d8fb110fc: GET http://backend:8000/logs/decisions
2025-04-30 17:56:47,847 - INFO - Response c8412b3b-2096-463c-90b1-706d8fb110fc: Status 200
2025-04-30 17:56:51,925 - INFO - Request 56a63eac-673b-44c6-82ec-89de6055ee9c: GET http://backend:8000/status
2025-04-30 17:56:52,018 - INFO - Response 56a63eac-673b-44c6-82ec-89de6055ee9c: Status 200
2025-04-30 17:56:55,115 - INFO - Request d5e53b62-c211-4c19-9de9-b62e660e13d5: GET http://backend:8000/logs/decisions
2025-04-30 17:56:55,160 - INFO - Response d5e53b62-c211-4c19-9de9-b62e660e13d5: Status 200
2025-04-30 17:56:58,435 - INFO - Request d34cd196-6b0e-4dad-a091-6f83399025b1: GET http://backend:8000/logs/records
2025-04-30 17:56:58,450 - INFO - Response d34cd196-6b0e-4dad-a091-6f83399025b1: Status 200
2025-04-30 17:57:16,699 - INFO - Request d21a3e03-b296-473f-9c2c-939b03d32688: GET http://backend:8000/logs/records
2025-04-30 17:57:16,743 - INFO - Response d21a3e03-b296-473f-9c2c-939b03d32688: Status 200
2025-04-30 17:57:21,639 - INFO - Request b1273e7c-a877-4abc-9c0e-7cff5e1302e3: GET http://backend:8000/status
2025-04-30 17:57:21,664 - INFO - Response b1273e7c-a877-4abc-9c0e-7cff5e1302e3: Status 200
2025-04-30 17:57:22,558 - INFO - Request eb3c176d-8605-4530-b1f2-1ca635f0ab48: GET http://backend:8000/logs/records
2025-04-30 17:57:22,564 - INFO - Response eb3c176d-8605-4530-b1f2-1ca635f0ab48: Status 200
2025-04-30 17:57:23,170 - INFO - Request f897c5da-ff4e-4c8c-abfa-9ed8b1de89d5: GET http://backend:8000/logs/decisions
2025-04-30 17:57:23,171 - INFO - Response f897c5da-ff4e-4c8c-abfa-9ed8b1de89d5: Status 200
2025-04-30 17:57:25,805 - INFO - Request 4a284322-e0ff-4fe8-be86-e2d3df6197aa: GET http://backend:8000/logs/decisions
2025-04-30 17:57:25,830 - INFO - Response 4a284322-e0ff-4fe8-be86-e2d3df6197aa: Status 200
2025-04-30 17:57:26,558 - INFO - Request 9b0eebb6-dd4b-4bf3-b325-5d9510ae76b4: GET http://backend:8000/logs/decisions
2025-04-30 17:57:26,560 - INFO - Response 9b0eebb6-dd4b-4bf3-b325-5d9510ae76b4: Status 200
2025-04-30 17:57:26,720 - INFO - Request 2a30e891-d980-4fe8-9748-7c3ff8594f41: GET http://backend:8000/logs/decisions
2025-04-30 17:57:26,723 - INFO - Response 2a30e891-d980-4fe8-9748-7c3ff8594f41: Status 200
2025-04-30 17:57:55,969 - INFO - Request a5142d1f-77f2-4af7-9ae3-3d2112a38e25: GET http://backend:8000/logs/decisions
2025-04-30 17:57:56,136 - INFO - Response a5142d1f-77f2-4af7-9ae3-3d2112a38e25: Status 200
2025-04-30 17:58:06,596 - INFO - Request 47f4f706-09d9-4fba-889c-0b93d2cfe497: GET http://backend:8000/logs/decisions
2025-04-30 17:58:06,641 - INFO - Response 47f4f706-09d9-4fba-889c-0b93d2cfe497: Status 200
2025-04-30 17:58:07,970 - INFO - Request 104e88fa-b0e8-415d-a966-9e345a33c214: GET http://backend:8000/status
2025-04-30 17:58:07,976 - INFO - Response 104e88fa-b0e8-415d-a966-9e345a33c214: Status 200
2025-04-30 17:58:09,479 - INFO - Request 1e0fe788-7630-433a-a3fd-34d4facf6cd6: GET http://backend:8000/status
2025-04-30 17:58:09,482 - INFO - Response 1e0fe788-7630-433a-a3fd-34d4facf6cd6: Status 200
2025-04-30 17:58:19,822 - INFO - Request 7a10f303-f2a5-46c9-b7d4-ae32c48b1138: GET http://backend:8000/logs/decisions
2025-04-30 17:58:19,890 - INFO - Response 7a10f303-f2a5-46c9-b7d4-ae32c48b1138: Status 200
2025-04-30 17:58:20,734 - INFO - Request 19047d3a-fe26-4676-9c2c-cbd5552b7f96: GET http://backend:8000/logs/records
2025-04-30 17:58:20,750 - INFO - Response 19047d3a-fe26-4676-9c2c-cbd5552b7f96: Status 200
2025-04-30 17:58:48,229 - INFO - Request 2fb0aaf1-8520-40ff-ba3f-8fe063215417: POST http://backend:8000/process
2025-04-30 17:58:48,318 - INFO - Processing irrigation data for cotton at coordinates (fsadf, adadf)
2025-04-30 17:58:48,490 - INFO - Recommendation: Do NOT turn on pump (last irrigation was 1 days ago)
2025-04-30 17:58:48,500 - INFO - Response 2fb0aaf1-8520-40ff-ba3f-8fe063215417: Status 200
2025-04-30 17:59:02,382 - INFO - Request 7c6cb5a2-6af1-4b56-ae06-ed0932b82fa5: POST http://backend:8000/process
2025-04-30 17:59:02,395 - INFO - Processing irrigation data for cotton at coordinates (fsadf, adadf)
2025-04-30 17:59:02,398 - INFO - Recommendation: Turn ON pump for 66 hours 24 minutes
2025-04-30 17:59:02,404 - INFO - Response 7c6cb5a2-6af1-4b56-ae06-ed0932b82fa5: Status 200
2025-04-30 17:59:15,722 - INFO - Request b1d22a64-0b9a-41ef-b44f-b9c124d7c02d: GET http://backend:8000/logs/decisions
2025-04-30 17:59:15,774 - INFO - Response b1d22a64-0b9a-41ef-b44f-b9c124d7c02d: Status 200
2025-04-30 17:59:17,613 - INFO - Request e82596aa-0ac3-471d-bea1-217cdf3042f8: GET http://backend:8000/logs/decisions
2025-04-30 17:59:17,622 - INFO - Response e82596aa-0ac3-471d-bea1-217cdf3042f8: Status 200
2025-04-30 17:59:28,706 - INFO - Request b052ed9f-09c4-4cc3-821a-91d4c83e5786: GET http://backend:8000/logs/records
2025-04-30 17:59:28,776 - INFO - Response b052ed9f-09c4-4cc3-821a-91d4c83e5786: Status 200
